<?xml version="1.0" encoding="UTF-8"?>
<!-- Generated by org.testng.reporters.JUnitXMLReporter -->
<testsuite hostname="muhammad-palm" name="Login" tests="4" failures="0" timestamp="26 Feb 2015 06:01:47 GMT" time="40.063" errors="0">
  <testcase name="dologin" time="11.716" classname="LoginFunction.LoginTest"/>
  <testcase name="dologin" time="9.438" classname="LoginFunction.LoginTest"/>
  <testcase name="dologin" time="6.162" classname="LoginFunction.LoginTest"/>
  <testcase name="dologin" time="2.231" classname="LoginFunction.LoginTest"/>
</testsuite> <!-- Login -->
