<?xml version="1.0" encoding="UTF-8"?>
<!-- Generated by org.testng.reporters.JUnitXMLReporter -->
<testsuite hostname="muhammad-palm" name="negative Login" tests="4" failures="0" timestamp="10 Mar 2015 19:57:50 GMT" time="21.473" errors="0">
  <testcase name="dologin" time="6.107" classname="LoginFunction.LoginTest"/>
  <testcase name="dologin" time="2.572" classname="LoginFunction.LoginTest"/>
  <testcase name="dologin" time="2.275" classname="LoginFunction.LoginTest"/>
  <testcase name="dologin" time="2.545" classname="LoginFunction.LoginTest"/>
</testsuite> <!-- negative Login -->
