<?xml version="1.0" encoding="UTF-8"?>
<!-- Generated by org.testng.reporters.JUnitXMLReporter -->
<testsuite hostname="muhammad-palm" name="Login" tests="4" failures="0" timestamp="25 Feb 2015 22:16:01 GMT" time="25.732" errors="0">
  <testcase name="dologin" time="6.601" classname="LoginFunction.LoginTest"/>
  <testcase name="dologin" time="2.794" classname="LoginFunction.LoginTest"/>
  <testcase name="dologin" time="2.138" classname="LoginFunction.LoginTest"/>
  <testcase name="dologin" time="2.138" classname="LoginFunction.LoginTest"/>
</testsuite> <!-- Login -->
