<?xml version="1.0" encoding="UTF-8"?>
<testng-results skipped="0" failed="0" total="6" passed="6">
  <reporter-output>
  </reporter-output>
  <suite name="Login Function" duration-ms="44399" started-at="2015-03-10T19:57:29Z" finished-at="2015-03-10T19:58:13Z">
    <groups>
    </groups>
    <test name="negative Login" duration-ms="21473" started-at="2015-03-10T19:57:29Z" finished-at="2015-03-10T19:57:50Z">
      <class name="LoginFunction.LoginTest">
        <test-method status="PASS" signature="start()[pri:0, instance:LoginFunction.LoginTest@1c2732e]" name="start" is-config="true" duration-ms="7939" started-at="2015-03-10T12:57:29Z" finished-at="2015-03-10T12:57:37Z">
          <reporter-output>
          </reporter-output>
        </test-method> <!-- start -->
        <test-method status="PASS" signature="dologin(java.lang.String, java.lang.String, java.lang.String, java.lang.String)[pri:0, instance:LoginFunction.LoginTest@1c2732e]" name="dologin" duration-ms="6107" started-at="2015-03-10T12:57:37Z" data-provider="getdata" finished-at="2015-03-10T12:57:43Z">
          <params>
            <param index="0">
              <value>
                <![CDATA[qassimfamilyinbox.com]]>
              </value>
            </param>
            <param index="1">
              <value>
                <![CDATA[choose0000]]>
              </value>
            </param>
            <param index="2">
              <value>
                <![CDATA[loginfail]]>
              </value>
            </param>
            <param index="3">
              <value>
                <![CDATA[fail]]>
              </value>
            </param>
          </params>
          <reporter-output>
          </reporter-output>
        </test-method> <!-- dologin -->
        <test-method status="PASS" signature="dologin(java.lang.String, java.lang.String, java.lang.String, java.lang.String)[pri:0, instance:LoginFunction.LoginTest@1c2732e]" name="dologin" duration-ms="2572" started-at="2015-03-10T12:57:43Z" data-provider="getdata" finished-at="2015-03-10T12:57:46Z">
          <params>
            <param index="0">
              <value>
                <![CDATA[qassimfamily@inbox.com]]>
              </value>
            </param>
            <param index="1">
              <value>
                <![CDATA[p2]]>
              </value>
            </param>
            <param index="2">
              <value>
                <![CDATA[loginfail]]>
              </value>
            </param>
            <param index="3">
              <value>
                <![CDATA[fail]]>
              </value>
            </param>
          </params>
          <reporter-output>
          </reporter-output>
        </test-method> <!-- dologin -->
        <test-method status="PASS" signature="dologin(java.lang.String, java.lang.String, java.lang.String, java.lang.String)[pri:0, instance:LoginFunction.LoginTest@1c2732e]" name="dologin" duration-ms="2275" started-at="2015-03-10T12:57:46Z" data-provider="getdata" finished-at="2015-03-10T12:57:48Z">
          <params>
            <param index="0">
              <value>
                <![CDATA[]]>
              </value>
            </param>
            <param index="1">
              <value>
                <![CDATA[choose0000]]>
              </value>
            </param>
            <param index="2">
              <value>
                <![CDATA[loginfail]]>
              </value>
            </param>
            <param index="3">
              <value>
                <![CDATA[fail]]>
              </value>
            </param>
          </params>
          <reporter-output>
          </reporter-output>
        </test-method> <!-- dologin -->
        <test-method status="PASS" signature="dologin(java.lang.String, java.lang.String, java.lang.String, java.lang.String)[pri:0, instance:LoginFunction.LoginTest@1c2732e]" name="dologin" duration-ms="2545" started-at="2015-03-10T12:57:48Z" data-provider="getdata" finished-at="2015-03-10T12:57:50Z">
          <params>
            <param index="0">
              <value>
                <![CDATA[qassimfamily@inbox.com]]>
              </value>
            </param>
            <param index="1">
              <value>
                <![CDATA[]]>
              </value>
            </param>
            <param index="2">
              <value>
                <![CDATA[loginfail]]>
              </value>
            </param>
            <param index="3">
              <value>
                <![CDATA[fail]]>
              </value>
            </param>
          </params>
          <reporter-output>
          </reporter-output>
        </test-method> <!-- dologin -->
        <test-method status="PASS" signature="close()[pri:0, instance:LoginFunction.LoginTest@1c2732e]" name="close" is-config="true" duration-ms="20" started-at="2015-03-10T12:57:50Z" finished-at="2015-03-10T12:57:50Z">
          <reporter-output>
          </reporter-output>
        </test-method> <!-- close -->
      </class> <!-- LoginFunction.LoginTest -->
    </test> <!-- negative Login -->
    <test name="positive Login" duration-ms="22906" started-at="2015-03-10T19:57:50Z" finished-at="2015-03-10T19:58:13Z">
      <class name="LoginFunction.LoginTest2">
        <test-method status="PASS" signature="start()[pri:0, instance:LoginFunction.LoginTest2@1b4aa68]" name="start" is-config="true" duration-ms="9972" started-at="2015-03-10T12:57:50Z" finished-at="2015-03-10T12:58:00Z">
          <reporter-output>
          </reporter-output>
        </test-method> <!-- start -->
        <test-method status="PASS" signature="dologin(java.lang.String, java.lang.String, java.lang.String, java.lang.String)[pri:0, instance:LoginFunction.LoginTest2@1b4aa68]" name="dologin" duration-ms="6307" started-at="2015-03-10T12:58:00Z" data-provider="getdata" finished-at="2015-03-10T12:58:07Z">
          <params>
            <param index="0">
              <value>
                <![CDATA[qfamily@inbox.com]]>
              </value>
            </param>
            <param index="1">
              <value>
                <![CDATA[ayesha0000]]>
              </value>
            </param>
            <param index="2">
              <value>
                <![CDATA[Login pass]]>
              </value>
            </param>
            <param index="3">
              <value>
                <![CDATA[login successful]]>
              </value>
            </param>
          </params>
          <reporter-output>
          </reporter-output>
        </test-method> <!-- dologin -->
        <test-method status="PASS" signature="dologin(java.lang.String, java.lang.String, java.lang.String, java.lang.String)[pri:0, instance:LoginFunction.LoginTest2@1b4aa68]" name="dologin" duration-ms="5552" started-at="2015-03-10T12:58:07Z" data-provider="getdata" finished-at="2015-03-10T12:58:12Z">
          <params>
            <param index="0">
              <value>
                <![CDATA[qassimfamily@inbox.com]]>
              </value>
            </param>
            <param index="1">
              <value>
                <![CDATA[choose0000]]>
              </value>
            </param>
            <param index="2">
              <value>
                <![CDATA[Login pass]]>
              </value>
            </param>
            <param index="3">
              <value>
                <![CDATA[login successful]]>
              </value>
            </param>
          </params>
          <reporter-output>
          </reporter-output>
        </test-method> <!-- dologin -->
        <test-method status="PASS" signature="close()[pri:0, instance:LoginFunction.LoginTest2@1b4aa68]" name="close" is-config="true" duration-ms="1075" started-at="2015-03-10T12:58:12Z" finished-at="2015-03-10T12:58:13Z">
          <reporter-output>
          </reporter-output>
        </test-method> <!-- close -->
      </class> <!-- LoginFunction.LoginTest2 -->
    </test> <!-- positive Login -->
  </suite> <!-- Login Function -->
</testng-results>
